[09:07:18] [ServerMain/INFO]: Environment: Environment[sessionHost=https://sessionserver.mojang.com, servicesHost=https://api.minecraftservices.com, name=PROD]
[09:07:20] [ServerMain/INFO]: Loaded 1174 recipes
[09:07:20] [ServerMain/INFO]: Loaded 1271 advancements
[09:07:20] [Server thread/INFO]: Starting minecraft server version 1.20.4
[09:07:20] [Server thread/INFO]: Loading properties
[09:07:20] [Server thread/INFO]: This server is running Paper version git-Paper-497 (MC: 1.20.4) (Implementing API version 1.20.4-R0.1-SNAPSHOT) (Git: d8d54d9 on ver/1.20.4)
[09:07:21] [Server thread/INFO]: Server Ping Player Sample Count: 12
[09:07:21] [Server thread/INFO]: Using 4 threads for Netty based IO
[09:07:21] [Server thread/WARN]: [!] The timings profiler has been enabled but has been scheduled for removal from Paper in the future.
    We recommend installing the spark profiler as a replacement: https://spark.lucko.me/
    For more information please visit: https://github.com/PaperMC/Paper/issues/8948
[09:07:21] [Server thread/INFO]: [ChunkTaskScheduler] Chunk system is using 1 I/O threads, 1 worker threads, and gen parallelism of 1 threads
[09:07:21] [Server thread/INFO]: Default game type: SURVIVAL
[09:07:21] [Server thread/INFO]: Generating keypair
[09:07:21] [Server thread/INFO]: Starting Minecraft server on *:25565
[09:07:21] [Server thread/INFO]: Using epoll channel type
[09:07:21] [Server thread/INFO]: Paper: Using libdeflate (Linux x86_64) compression from Velocity.
[09:07:21] [Server thread/INFO]: Paper: Using OpenSSL 3.0.x (Linux x86_64) cipher from Velocity.
[09:07:21] [Server thread/ERROR]: [ModernPluginLoadingStrategy] Ambiguous plugin name 'EntityTrackerFixer' for files 'plugins/EntityTrackerFixer.jar' and 'plugins/EntityTrackerFixer-Ultra.jar' in 'plugins'
[09:07:21] [Server thread/ERROR]: [ModernPluginLoadingStrategy] Could not load 'plugins/GUIShop-9.2.3.jar' in 'plugins'
org.bukkit.plugin.UnknownDependencyException: Unknown/missing dependency plugins: [Vault]. Please download and install these plugins to run 'GUIShop'.
	at io.papermc.paper.plugin.entrypoint.strategy.modern.ModernPluginLoadingStrategy.loadProviders(ModernPluginLoadingStrategy.java:82) ~[paper-1.20.4.jar:git-Paper-497]
	at io.papermc.paper.plugin.storage.SimpleProviderStorage.enter(SimpleProviderStorage.java:38) ~[paper-1.20.4.jar:git-Paper-497]
	at io.papermc.paper.plugin.entrypoint.LaunchEntryPointHandler.enter(LaunchEntryPointHandler.java:36) ~[paper-1.20.4.jar:git-Paper-497]
	at org.bukkit.craftbukkit.v1_20_R3.CraftServer.loadPlugins(CraftServer.java:507) ~[paper-1.20.4.jar:git-Paper-497]
	at net.minecraft.server.dedicated.DedicatedServer.initServer(DedicatedServer.java:274) ~[paper-1.20.4.jar:git-Paper-497]
	at net.minecraft.server.MinecraftServer.runServer(MinecraftServer.java:1131) ~[paper-1.20.4.jar:git-Paper-497]
	at net.minecraft.server.MinecraftServer.lambda$spin$0(MinecraftServer.java:319) ~[paper-1.20.4.jar:git-Paper-497]
	at java.lang.Thread.run(Thread.java:833) ~[?:?]
[09:07:22] [Server thread/ERROR]: [ModernPluginLoadingStrategy] Could not load plugin 'worldedit-bukkit-7.3.5.jar' in folder 'plugins'
org.bukkit.plugin.InvalidPluginException: java.lang.UnsupportedClassVersionError: com/sk89q/worldedit/bukkit/WorldEditPlugin has been compiled by a more recent version of the Java Runtime (class file version 65.0), this version of the Java Runtime only recognizes class file versions up to 61.0
	at io.papermc.paper.plugin.provider.type.spigot.SpigotPluginProvider.createInstance(SpigotPluginProvider.java:127) ~[paper-1.20.4.jar:git-Paper-497]
	at io.papermc.paper.plugin.provider.type.spigot.SpigotPluginProvider.createInstance(SpigotPluginProvider.java:35) ~[paper-1.20.4.jar:git-Paper-497]
	at io.papermc.paper.plugin.entrypoint.strategy.modern.ModernPluginLoadingStrategy.loadProviders(ModernPluginLoadingStrategy.java:116) ~[paper-1.20.4.jar:git-Paper-497]
	at io.papermc.paper.plugin.storage.SimpleProviderStorage.enter(SimpleProviderStorage.java:38) ~[paper-1.20.4.jar:git-Paper-497]
	at io.papermc.paper.plugin.entrypoint.LaunchEntryPointHandler.enter(LaunchEntryPointHandler.java:36) ~[paper-1.20.4.jar:git-Paper-497]
	at org.bukkit.craftbukkit.v1_20_R3.CraftServer.loadPlugins(CraftServer.java:507) ~[paper-1.20.4.jar:git-Paper-497]
	at net.minecraft.server.dedicated.DedicatedServer.initServer(DedicatedServer.java:274) ~[paper-1.20.4.jar:git-Paper-497]
	at net.minecraft.server.MinecraftServer.runServer(MinecraftServer.java:1131) ~[paper-1.20.4.jar:git-Paper-497]
	at net.minecraft.server.MinecraftServer.lambda$spin$0(MinecraftServer.java:319) ~[paper-1.20.4.jar:git-Paper-497]
	at java.lang.Thread.run(Thread.java:833) ~[?:?]
Caused by: java.lang.UnsupportedClassVersionError: com/sk89q/worldedit/bukkit/WorldEditPlugin has been compiled by a more recent version of the Java Runtime (class file version 65.0), this version of the Java Runtime only recognizes class file versions up to 61.0
	at java.lang.ClassLoader.defineClass1(Native Method) ~[?:?]
	at java.lang.ClassLoader.defineClass(ClassLoader.java:1012) ~[?:?]
	at java.security.SecureClassLoader.defineClass(SecureClassLoader.java:150) ~[?:?]
	at org.bukkit.plugin.java.PluginClassLoader.findClass(PluginClassLoader.java:243) ~[paper-api-1.20.4-R0.1-SNAPSHOT.jar:?]
	at java.lang.ClassLoader.loadClass(ClassLoader.java:587) ~[?:?]
	at org.bukkit.plugin.java.PluginClassLoader.loadClass0(PluginClassLoader.java:169) ~[paper-api-1.20.4-R0.1-SNAPSHOT.jar:?]
	at org.bukkit.plugin.java.PluginClassLoader.loadClass(PluginClassLoader.java:164) ~[paper-api-1.20.4-R0.1-SNAPSHOT.jar:?]
	at java.lang.ClassLoader.loadClass(ClassLoader.java:520) ~[?:?]
	at java.lang.Class.forName0(Native Method) ~[?:?]
	at java.lang.Class.forName(Class.java:467) ~[?:?]
	at org.bukkit.plugin.java.PluginClassLoader.<init>(PluginClassLoader.java:78) ~[paper-api-1.20.4-R0.1-SNAPSHOT.jar:?]
	at io.papermc.paper.plugin.provider.type.spigot.SpigotPluginProvider.createInstance(SpigotPluginProvider.java:123) ~[paper-1.20.4.jar:git-Paper-497]
	... 9 more
[09:07:22] [Server thread/ERROR]: [ModernPluginLoadingStrategy] Could not load plugin 'Chunky-1.4.10.jar' in folder 'plugins'
org.bukkit.plugin.InvalidPluginException: java.lang.UnsupportedClassVersionError: org/popcraft/chunky/ChunkyBukkit has been compiled by a more recent version of the Java Runtime (class file version 65.0), this version of the Java Runtime only recognizes class file versions up to 61.0
	at io.papermc.paper.plugin.provider.type.spigot.SpigotPluginProvider.createInstance(SpigotPluginProvider.java:127) ~[paper-1.20.4.jar:git-Paper-497]
	at io.papermc.paper.plugin.provider.type.spigot.SpigotPluginProvider.createInstance(SpigotPluginProvider.java:35) ~[paper-1.20.4.jar:git-Paper-497]
	at io.papermc.paper.plugin.entrypoint.strategy.modern.ModernPluginLoadingStrategy.loadProviders(ModernPluginLoadingStrategy.java:116) ~[paper-1.20.4.jar:git-Paper-497]
	at io.papermc.paper.plugin.storage.SimpleProviderStorage.enter(SimpleProviderStorage.java:38) ~[paper-1.20.4.jar:git-Paper-497]
	at io.papermc.paper.plugin.entrypoint.LaunchEntryPointHandler.enter(LaunchEntryPointHandler.java:36) ~[paper-1.20.4.jar:git-Paper-497]
	at org.bukkit.craftbukkit.v1_20_R3.CraftServer.loadPlugins(CraftServer.java:507) ~[paper-1.20.4.jar:git-Paper-497]
	at net.minecraft.server.dedicated.DedicatedServer.initServer(DedicatedServer.java:274) ~[paper-1.20.4.jar:git-Paper-497]
	at net.minecraft.server.MinecraftServer.runServer(MinecraftServer.java:1131) ~[paper-1.20.4.jar:git-Paper-497]
	at net.minecraft.server.MinecraftServer.lambda$spin$0(MinecraftServer.java:319) ~[paper-1.20.4.jar:git-Paper-497]
	at java.lang.Thread.run(Thread.java:833) ~[?:?]
Caused by: java.lang.UnsupportedClassVersionError: org/popcraft/chunky/ChunkyBukkit has been compiled by a more recent version of the Java Runtime (class file version 65.0), this version of the Java Runtime only recognizes class file versions up to 61.0
	at java.lang.ClassLoader.defineClass1(Native Method) ~[?:?]
	at java.lang.ClassLoader.defineClass(ClassLoader.java:1012) ~[?:?]
	at java.security.SecureClassLoader.defineClass(SecureClassLoader.java:150) ~[?:?]
	at org.bukkit.plugin.java.PluginClassLoader.findClass(PluginClassLoader.java:243) ~[paper-api-1.20.4-R0.1-SNAPSHOT.jar:?]
	at java.lang.ClassLoader.loadClass(ClassLoader.java:587) ~[?:?]
	at org.bukkit.plugin.java.PluginClassLoader.loadClass0(PluginClassLoader.java:169) ~[paper-api-1.20.4-R0.1-SNAPSHOT.jar:?]
	at org.bukkit.plugin.java.PluginClassLoader.loadClass(PluginClassLoader.java:164) ~[paper-api-1.20.4-R0.1-SNAPSHOT.jar:?]
	at java.lang.ClassLoader.loadClass(ClassLoader.java:520) ~[?:?]
	at java.lang.Class.forName0(Native Method) ~[?:?]
	at java.lang.Class.forName(Class.java:467) ~[?:?]
	at org.bukkit.plugin.java.PluginClassLoader.<init>(PluginClassLoader.java:78) ~[paper-api-1.20.4-R0.1-SNAPSHOT.jar:?]
	at io.papermc.paper.plugin.provider.type.spigot.SpigotPluginProvider.createInstance(SpigotPluginProvider.java:123) ~[paper-1.20.4.jar:git-Paper-497]
	... 9 more
[09:07:22] [Server thread/ERROR]: [ModernPluginLoadingStrategy] Could not load plugin 'Shopkeepers-2.23.0.jar' in folder 'plugins'
org.bukkit.plugin.InvalidPluginException: Unsupported API version 1.20.6
	at org.bukkit.craftbukkit.v1_20_R3.util.CraftMagicNumbers.checkSupported(CraftMagicNumbers.java:389) ~[paper-1.20.4.jar:git-Paper-497]
	at io.papermc.paper.plugin.provider.type.spigot.SpigotPluginProvider.createInstance(SpigotPluginProvider.java:119) ~[paper-1.20.4.jar:git-Paper-497]
	at io.papermc.paper.plugin.provider.type.spigot.SpigotPluginProvider.createInstance(SpigotPluginProvider.java:35) ~[paper-1.20.4.jar:git-Paper-497]
	at io.papermc.paper.plugin.entrypoint.strategy.modern.ModernPluginLoadingStrategy.loadProviders(ModernPluginLoadingStrategy.java:116) ~[paper-1.20.4.jar:git-Paper-497]
	at io.papermc.paper.plugin.storage.SimpleProviderStorage.enter(SimpleProviderStorage.java:38) ~[paper-1.20.4.jar:git-Paper-497]
	at io.papermc.paper.plugin.entrypoint.LaunchEntryPointHandler.enter(LaunchEntryPointHandler.java:36) ~[paper-1.20.4.jar:git-Paper-497]
	at org.bukkit.craftbukkit.v1_20_R3.CraftServer.loadPlugins(CraftServer.java:507) ~[paper-1.20.4.jar:git-Paper-497]
	at net.minecraft.server.dedicated.DedicatedServer.initServer(DedicatedServer.java:274) ~[paper-1.20.4.jar:git-Paper-497]
	at net.minecraft.server.MinecraftServer.runServer(MinecraftServer.java:1131) ~[paper-1.20.4.jar:git-Paper-497]
	at net.minecraft.server.MinecraftServer.lambda$spin$0(MinecraftServer.java:319) ~[paper-1.20.4.jar:git-Paper-497]
	at java.lang.Thread.run(Thread.java:833) ~[?:?]
[09:07:22] [Server thread/WARN]: [org.bukkit.craftbukkit.v1_20_R3.legacy.CraftLegacy] Initializing Legacy Material Support. Unless you have legacy plugins and/or data this is a bug!
[09:07:25] [Server thread/WARN]: Legacy plugin OnePlayerSleep v1.3 does not specify an api-version.
[09:07:25] [Server thread/WARN]: Legacy plugin MobStacker v2.0.0 does not specify an api-version.
[09:07:25] [Server thread/ERROR]: [ModernPluginLoadingStrategy] Could not load plugin 'ChunkyBorder-1.2.13.jar' in folder 'plugins'
org.bukkit.plugin.InvalidPluginException: java.lang.UnsupportedClassVersionError: org/popcraft/chunkyborder/ChunkyBorderBukkit has been compiled by a more recent version of the Java Runtime (class file version 65.0), this version of the Java Runtime only recognizes class file versions up to 61.0
	at io.papermc.paper.plugin.provider.type.spigot.SpigotPluginProvider.createInstance(SpigotPluginProvider.java:127) ~[paper-1.20.4.jar:git-Paper-497]
	at io.papermc.paper.plugin.provider.type.spigot.SpigotPluginProvider.createInstance(SpigotPluginProvider.java:35) ~[paper-1.20.4.jar:git-Paper-497]
	at io.papermc.paper.plugin.entrypoint.strategy.modern.ModernPluginLoadingStrategy.loadProviders(ModernPluginLoadingStrategy.java:116) ~[paper-1.20.4.jar:git-Paper-497]
	at io.papermc.paper.plugin.storage.SimpleProviderStorage.enter(SimpleProviderStorage.java:38) ~[paper-1.20.4.jar:git-Paper-497]
	at io.papermc.paper.plugin.entrypoint.LaunchEntryPointHandler.enter(LaunchEntryPointHandler.java:36) ~[paper-1.20.4.jar:git-Paper-497]
	at org.bukkit.craftbukkit.v1_20_R3.CraftServer.loadPlugins(CraftServer.java:507) ~[paper-1.20.4.jar:git-Paper-497]
	at net.minecraft.server.dedicated.DedicatedServer.initServer(DedicatedServer.java:274) ~[paper-1.20.4.jar:git-Paper-497]
	at net.minecraft.server.MinecraftServer.runServer(MinecraftServer.java:1131) ~[paper-1.20.4.jar:git-Paper-497]
	at net.minecraft.server.MinecraftServer.lambda$spin$0(MinecraftServer.java:319) ~[paper-1.20.4.jar:git-Paper-497]
	at java.lang.Thread.run(Thread.java:833) ~[?:?]
Caused by: java.lang.UnsupportedClassVersionError: org/popcraft/chunkyborder/ChunkyBorderBukkit has been compiled by a more recent version of the Java Runtime (class file version 65.0), this version of the Java Runtime only recognizes class file versions up to 61.0
	at java.lang.ClassLoader.defineClass1(Native Method) ~[?:?]
	at java.lang.ClassLoader.defineClass(ClassLoader.java:1012) ~[?:?]
	at java.security.SecureClassLoader.defineClass(SecureClassLoader.java:150) ~[?:?]
	at org.bukkit.plugin.java.PluginClassLoader.findClass(PluginClassLoader.java:243) ~[paper-api-1.20.4-R0.1-SNAPSHOT.jar:?]
	at java.lang.ClassLoader.loadClass(ClassLoader.java:587) ~[?:?]
	at org.bukkit.plugin.java.PluginClassLoader.loadClass0(PluginClassLoader.java:169) ~[paper-api-1.20.4-R0.1-SNAPSHOT.jar:?]
	at org.bukkit.plugin.java.PluginClassLoader.loadClass(PluginClassLoader.java:164) ~[paper-api-1.20.4-R0.1-SNAPSHOT.jar:?]
	at java.lang.ClassLoader.loadClass(ClassLoader.java:520) ~[?:?]
	at java.lang.Class.forName0(Native Method) ~[?:?]
	at java.lang.Class.forName(Class.java:467) ~[?:?]
	at org.bukkit.plugin.java.PluginClassLoader.<init>(PluginClassLoader.java:78) ~[paper-api-1.20.4-R0.1-SNAPSHOT.jar:?]
	at io.papermc.paper.plugin.provider.type.spigot.SpigotPluginProvider.createInstance(SpigotPluginProvider.java:123) ~[paper-1.20.4.jar:git-Paper-497]
	... 9 more
[09:07:25] [Server thread/INFO]: [ViaVersion] Loading server plugin ViaVersion v5.0.2
[09:07:25] [Server thread/INFO]: [ViaVersion] ViaVersion 5.0.2 is now loaded. Registering protocol transformers and injecting...
[09:07:25] [Via-Mappingloader-0/INFO]: [ViaVersion] Loading block connection mappings ...
[09:07:25] [Via-Mappingloader-0/INFO]: [ViaVersion] Using FastUtil Long2ObjectOpenHashMap for block connections
[09:07:25] [Server thread/INFO]: [NBTAPI] Loading server plugin NBTAPI v2.13.1
[09:07:25] [Server thread/INFO]: [NBTAPI] [NBTAPI] Found Minecraft: v1_20_R3! Trying to find NMS support
[09:07:25] [Server thread/INFO]: [NBTAPI] [NBTAPI] NMS support 'MC1_20_R3' loaded!
[09:07:25] [Server thread/INFO]: [NBTAPI] [NBTAPI] Using the plugin 'NBTAPI' to create a bStats instance!
[09:07:25] [Server thread/INFO]: [LuckPerms] Loading server plugin LuckPerms v5.4.141
[09:07:26] [Thread-6/WARN]: [NBTAPI] [NBTAPI] The NBT-API in 'NBTAPI' seems to be outdated!
[09:07:26] [Thread-6/WARN]: [NBTAPI] [NBTAPI] Current Version: '2.13.1' Newest Version: 2.13.2'
[09:07:26] [Thread-6/WARN]: [NBTAPI] [NBTAPI] Please update the NBTAPI or the plugin that contains the api(nag the mod author when the newest release has an old version, not the NBTAPI dev)!
[09:07:26] [Server thread/INFO]: [SCore] Loading server plugin SCore v5.24.9.2
[09:07:26] [Server thread/INFO]: [Essentials] Loading server plugin Essentials v2.21.0-dev+111-b54c8c1
[09:07:26] [Server thread/INFO]: [ItemEdit] Loading server plugin ItemEdit v3.5.2
[09:07:26] [Server thread/INFO]: [LevelledMobs] Loading server plugin LevelledMobs v4.1.2 b60
[09:07:26] [Server thread/INFO]: [LevelledMobs] Loading commands
[09:07:26] [Server thread/INFO]: [AuraSkills] Loading server plugin AuraSkills v2.2.3
[09:07:26] [Server thread/INFO]: [Vulcan] Loading server plugin Vulcan v2.9.0
[09:07:26] [Server thread/INFO]: [ViewDistanceTweaks] Loading server plugin ViewDistanceTweaks v1.5.7
[09:07:26] [Server thread/INFO]: [TextDisplay] Loading server plugin TextDisplay v2.0.
[09:07:26] [Server thread/INFO]: [TAB] Loading server plugin TAB v4.1.8
[09:07:26] [Server thread/INFO]: [OnePlayerSleep] Loading server plugin OnePlayerSleep v1.3
[09:07:26] [Server thread/INFO]: [NoMobLag] Loading server plugin NoMobLag v2.3.4
[09:07:26] [Server thread/INFO]: [MobStacker] Loading server plugin MobStacker v2.0.0
[09:07:26] [Server thread/INFO]: [LPC] Loading server plugin LPC v3.6.0
[09:07:26] [Server thread/INFO]: [LoginSecurity] Loading server plugin LoginSecurity v3.3.0
[09:07:26] [Server thread/INFO]: [LagAssist] Loading server plugin LagAssist v2.29.1
[09:07:26] [Server thread/INFO]: [ItemTag] Loading server plugin ItemTag v3.4.3
[09:07:26] [Server thread/INFO]: [CBossesV1_5] Loading server plugin CBossesV1_5 v0.2
[09:07:26] [Server thread/INFO]: [FlyPlus] Loading server plugin FlyPlus v2.6
[09:07:26] [Server thread/INFO]: [FarmLimiter] Loading server plugin FarmLimiter v1.6.0
[09:07:26] [Server thread/INFO]: [ExecutableItems] Loading server plugin ExecutableItems v7.24.9.2
[09:07:26] [Server thread/INFO]: [EntityTrackerFixer] Loading server plugin EntityTrackerFixer v1.1.1v
[09:07:26] [Server thread/INFO]: [CSL] Loading server plugin ChunkSpawnerLimiter v4.3.7
[09:07:26] [Server thread/INFO]: [BlockEffects] Loading server plugin BlockEffects v4.0
[09:07:26] [Server thread/INFO]: Server permissions file permissions.yml is empty, ignoring it
[09:07:26] [Server thread/INFO]: [LuckPerms] Enabling LuckPerms v5.4.141
[09:07:27] [Server thread/INFO]:         __    
[09:07:27] [Server thread/INFO]:   |    |__)   LuckPerms v5.4.141
[09:07:27] [Server thread/INFO]:   |___ |      Running on Bukkit - Paper
[09:07:27] [Server thread/INFO]: 
[09:07:27] [Server thread/INFO]: [LuckPerms] Loading configuration...
[09:07:27] [Server thread/INFO]: [LuckPerms] Loading storage provider... [H2]
[09:07:28] [Server thread/INFO]: [LuckPerms] Loading internal permission managers...
[09:07:28] [Server thread/INFO]: [LuckPerms] Performing initial data load...
[09:07:28] [Server thread/INFO]: [LuckPerms] Successfully enabled. (took 1598ms)
[09:07:28] [Server thread/WARN]: **** SERVER IS RUNNING IN OFFLINE/INSECURE MODE!
[09:07:28] [Server thread/WARN]: The server will make no attempt to authenticate usernames. Beware.
[09:07:28] [Server thread/WARN]: While this makes the game possible to play without internet access, it also opens up the ability for hackers to connect with any username they choose.
[09:07:28] [Server thread/WARN]: To change this, set "online-mode" to "true" in the server.properties file.
[09:07:28] [Server thread/INFO]: Preparing level "world"
[09:07:28] [Server thread/INFO]: Preparing start region for dimension minecraft:overworld
[09:07:29] [Server thread/INFO]: Time elapsed: 391 ms
[09:07:29] [Server thread/INFO]: Preparing start region for dimension minecraft:the_nether
[09:07:29] [Server thread/INFO]: Time elapsed: 71 ms
[09:07:29] [Server thread/INFO]: Preparing start region for dimension minecraft:the_end
[09:07:29] [Server thread/INFO]: Time elapsed: 16 ms
[09:07:29] [Server thread/INFO]: [ViaVersion] Enabling ViaVersion v5.0.2
[09:07:29] [Server thread/INFO]: [ViaVersion] ViaVersion detected server version: 1.20.3-1.20.4 (765)
[09:07:29] [Server thread/INFO]: [NBTAPI] Enabling NBTAPI v2.13.1
[09:07:29] [Server thread/INFO]: [NBTAPI] Checking bindings...
[09:07:29] [Server thread/INFO]: [NBTAPI] All Classes were able to link!
[09:07:29] [Server thread/INFO]: [NBTAPI] All Methods were able to link!
[09:07:29] [Server thread/INFO]: [NBTAPI] Running NBT reflection test...
[09:07:30] [Server thread/INFO]: [NBTAPI] Success! This version of NBT-API is compatible with your server.
[09:07:30] [Server thread/INFO]: [SCore] Enabling SCore v5.24.9.2
[09:07:30] [Server thread/INFO]: ================ SCore ================
[09:07:30] [Server thread/INFO]: SCore is running on Folia
[09:07:30] [Server thread/INFO]: SCore is running on Paper or fork
[09:07:30] [Server thread/INFO]: SCore Version of the server git-Paper-497 (MC: 1.20.4) !
[09:07:30] [Server thread/INFO]: SCore ExecutableItems hooked !  (7.24.9.2) Load After
[09:07:30] [Server thread/INFO]: SCore NBTAPI hooked !  (2.13.1)  Load Before
[09:07:30] [Server thread/INFO]: SCore TAB hooked !  (4.1.8) Load After
[09:07:30] [Server thread/INFO]: SCore Locale setup: EN
[09:07:30] [Server thread/INFO]: SCore Language of the editor setup on EN
[09:07:30] [Server thread/INFO]: SCore Language for in-game messages setup on EN
[09:07:30] [Server thread/INFO]: SCore will connect to the database hosted: In Local
[09:07:30] [Server thread/INFO]: SCore Connection to the db...
[09:07:30] [Server thread/INFO]: SCore will connect to the database hosted: In Local
[09:07:30] [Server thread/INFO]: SCore Creating table SecurityOP if not exists...
[09:07:30] [Server thread/INFO]: SCore Creating table Commands if not exists...
[09:07:30] [Server thread/INFO]: SCore Creating table Cooldowns if not exists...
[09:07:30] [Server thread/INFO]: SCore Creating table Commands Player if not exists...
[09:07:30] [Server thread/INFO]: SCore Creating table Commands Entity if not exists...
[09:07:30] [Server thread/INFO]: SCore Creating table Commands Block if not exists...
[09:07:30] [Server thread/INFO]: SCore Creating table UsePerDay if not exists...
[09:07:31] [Server thread/INFO]: SCore SCore loaded 1 variables from local files !
[09:07:31] [Server thread/INFO]: SCore SCore loaded 0 delayed commands saved
[09:07:31] [Server thread/INFO]: ================ SCore ================
[09:07:31] [Server thread/INFO]: [Essentials] Enabling Essentials v2.21.0-dev+111-b54c8c1
[09:07:31] [Server thread/ERROR]: [Essentials] You are running an unsupported server version!
[09:07:31] [Server thread/INFO]: [Essentials] Attempting to convert old kits in config.yml to new kits.yml
[09:07:31] [Server thread/INFO]: [Essentials] No kits found to migrate.
[09:07:31] [Server thread/INFO]: [Essentials] Starting Essentials ban format conversion
[09:07:31] [Server thread/INFO]: [Essentials] Attempting to migrate ignore list to UUIDs
[09:07:31] [Server thread/INFO]: [Essentials] Attempting to migrate legacy userdata keys to Configurate
[09:07:31] [Server thread/INFO]: [Essentials] Loaded 42679 items from items.json.
[09:07:31] [Server thread/INFO]: [Essentials] Using locale en_US
[09:07:31] [Server thread/INFO]: [Essentials] ServerListPingEvent: Spigot iterator API
[09:07:32] [Server thread/INFO]: [Essentials] Starting Metrics. Opt-out using the global bStats config.
[09:07:32] [Server thread/WARN]: [Essentials] Detected supported permissions plugin LuckPerms without Vault installed.
[09:07:32] [Server thread/WARN]: [Essentials] Features such as chat prefixes/suffixes and group-related functionality will not work until you install Vault.
[09:07:32] [Server thread/INFO]: [Essentials] Using superperms-based permissions.
[09:07:32] [Server thread/INFO]: [ItemEdit] Enabling ItemEdit v3.5.2
[09:07:32] [Server thread/INFO]: [ItemEdit] Hooking into MiniMessageAPI see https://webui.advntr.dev/
[09:07:32] [Server thread/INFO]: [ItemEdit] Selected Storage Type: YAML
[09:07:32] [Server thread/INFO]: [ItemEdit] Unable to hook into Vault
[09:07:32] [Server thread/INFO]: [ItemEdit] # Enabled (took 121 ms)
[09:07:32] [Server thread/INFO]: [LevelledMobs] Enabling LevelledMobs v4.1.2 b60
[09:07:32] [Server thread/INFO]: [LevelledMobs] Enabling commands
[09:07:32] [Server thread/INFO]: [LevelledMobs] Using NMS version v1_20_R3 for nametag support
[09:07:32] [Server thread/INFO]: [LevelledMobs] File Loader: Loading files...
[09:07:32] [Server thread/INFO]: [LevelledMobs] File Loader: Loading file 'settings.yml'...
[09:07:32] [Server thread/INFO]: [LevelledMobs] File Loader: File 'settings.yml' doesn't exist, creating it now...
[09:07:32] [Server thread/INFO]: [LevelledMobs] File Loader: Loading file 'messages.yml'...
[09:07:32] [Server thread/INFO]: [LevelledMobs] File Loader: File 'messages.yml' doesn't exist, creating it now...
[09:07:32] [Server thread/INFO]: [LevelledMobs] File Loader: Loading file 'externalplugins.yml'...
[09:07:32] [Server thread/INFO]: [LevelledMobs] File Loader: File 'externalplugins.yml' doesn't exist, creating it now...
[09:07:32] [Server thread/INFO]: [LevelledMobs] File Loader: Loading file 'rules.yml'...
[09:07:32] [Server thread/INFO]: [LevelledMobs] File Loader: File 'rules.yml' doesn't exist, creating it now...
[09:07:32] [Server thread/INFO]: [LevelledMobs] Current rules hash: cb2333130b5cd27fb056e621bfdbb4ec28bf7d7227966db48bb82dc40372aefd
[09:07:32] [Server thread/INFO]: [LevelledMobs] File Loader: Loading file 'customdrops.yml'...
[09:07:32] [Server thread/INFO]: [LevelledMobs] File Loader: File 'customdrops.yml' doesn't exist, creating it now...
[09:07:32] [Server thread/INFO]: [LevelledMobs] Listeners: Registering event listeners...
[09:07:32] [Server thread/INFO]: [LevelledMobs] Running misc procedures
[09:07:32] [Server thread/INFO]: [LevelledMobs] Tasks: Starting async nametag auto update task...
[09:07:32] [Server thread/INFO]: [LevelledMobs] Start-up complete (took 296ms)
[09:07:32] [Server thread/INFO]: [AuraSkills] Enabling AuraSkills v2.2.3
[09:07:33] [Server thread/INFO]: [AuraSkills] Loaded 21 message files
[09:07:33] [Server thread/INFO]: [AuraSkills] Successfully registered hook LuckPerms
[09:07:33] [Server thread/INFO]: [AuraSkills] Loaded 150 config options in 16 ms
[09:07:33] [Server thread/INFO]: [NBTAPI] [NBTAPI] Found Minecraft: v1_20_R3! Trying to find NMS support
[09:07:33] [Server thread/INFO]: [NBTAPI] [NBTAPI] NMS support 'MC1_20_R3' loaded!
[09:07:33] [Server thread/INFO]: [NBTAPI] [NBTAPI] Using the plugin 'AuraSkills' to create a bStats instance!
[09:07:33] [Server thread/INFO]: [AuraSkills] Loaded 3 blocked/disabled worlds
[09:07:33] [Server thread/INFO]: [AuraSkills] [ACF] Enabled Asynchronous Tab Completion Support!
[09:07:33] [Server thread/INFO]: [Vulcan] Enabling Vulcan v2.9.0
[09:07:34] [Server thread/INFO]: [Vulcan] Server Version: 1.20.4 detected!
[09:07:34] [Server thread/INFO]: [Vulcan] BStats enabled!
[09:07:34] [Server thread/INFO]: [ViewDistanceTweaks] Enabling ViewDistanceTweaks v1.5.7
[09:07:34] [Server thread/WARN]: [ViewDistanceTweaks] ViewDistanceTweaks must be configured before it can be enabled. Edit the config.yml file in the plugin's data folder, setting the 'enabled' option to true when you are done, then reload or restart the server.
[09:07:34] [Server thread/INFO]: [ViewDistanceTweaks] Disabling ViewDistanceTweaks v1.5.7
[09:07:34] [Server thread/INFO]: [TextDisplay] Enabling TextDisplay v2.0.
[09:07:34] [Server thread/INFO]: [TAB] Enabling TAB v4.1.8
[09:07:34] [Server thread/INFO]: [TAB] Loaded NMS hook in 115ms
[09:07:34] [Server thread/INFO]: [TAB] Enabled in 136ms
[09:07:34] [Server thread/INFO]: [OnePlayerSleep] Enabling OnePlayerSleep v1.3*
[09:07:34] [Server thread/INFO]: [NoMobLag] Enabling NoMobLag v2.3.4
[09:07:34] [Server thread/INFO]: [MobStacker] Enabling MobStacker v2.0.0*
[09:07:34] [Server thread/INFO]: [MobStacker] MobStacker is starting
[09:07:34] [Server thread/INFO]: [MobStacker] ------------------------------------------------------------------
[09:07:34] [Server thread/INFO]: [MobStacker] WARNING - MobStacker no longer receives updates or support
[09:07:34] [Server thread/INFO]: [MobStacker] Please upgrade to MobStacker2 if you wish to use a better plugin
[09:07:34] [Server thread/INFO]: [MobStacker] ------------------------------------------------------------------
[09:07:34] [Server thread/INFO]: [MobStacker] Connected to metrics
[09:07:34] [Server thread/INFO]: [MobStacker] Didn't hook in to WorldGuard
[09:07:34] [Server thread/INFO]: [MobStacker] MobStacker has successfully started!
[09:07:34] [Server thread/INFO]: [LPC] Enabling LPC v3.6.0
[09:07:34] [Server thread/INFO]: [LoginSecurity] Enabling LoginSecurity v3.3.0
[09:07:34] [Server thread/INFO]: [LoginSecurity] Loading base translations from "en_us"
[09:07:34] [Server thread/INFO]: [LoginSecurity] Loading specified translations from "en_us"
[09:07:34] [Server thread/INFO]: [LoginSecurity] Registering commands...
[09:07:34] [Server thread/INFO]: [LoginSecurity] Registering listeners...
[09:07:34] [Server thread/INFO]: [LoginSecurity] Using 1.12+ map captcha renderer
[09:07:34] [Server thread/INFO]: [LagAssist] Enabling LagAssist v2.29.1
[09:07:34] [Server thread/INFO]: §2§lLag§f§lAssist §e» §fEnabling Systems:
[09:07:34] [Server thread/INFO]:     §e[§a✔§e] §fEconomy manager
[09:07:34] [Server thread/INFO]:     §e[§a✔§e] §fSmart Mob Tools.
[09:07:34] [Server thread/INFO]:     §e[§a✔§e] §fMicroFeatures.
[09:07:34] [Server thread/INFO]:     §e[§a✔§e] §fHopper Manager.
[09:07:34] [Server thread/INFO]:     §e[§a✔§e] §fRedstone Culler.
[09:07:34] [Server thread/INFO]:     §e[§a✔§e] §fPhysics-Tweaker.
[09:07:34] [Server thread/INFO]:     §e[§a✔§e] §fLag Monitor.
[09:07:34] [Server thread/INFO]:     §e[§a✔§e] §fMapVisualizer.
[09:07:34] [Server thread/INFO]:     §e[§a✔§e] §fChunk Analyser.
[09:07:34] [Server thread/INFO]:     §e[§a✔§e] §fChunk Limiter.
[09:07:34] [Server thread/INFO]:     §e[§a✔§e] §fStatsAnalyse.
[09:07:34] [Server thread/INFO]:     §e[§a✔§e] §fSpawner Manager.
[09:07:34] [Server thread/ERROR]: Error occurred while enabling LagAssist v2.29.1 (Is it up to date?)
java.lang.IllegalArgumentException: Material cannot be null
	at com.google.common.base.Preconditions.checkArgument(Preconditions.java:143) ~[guava-32.1.2-jre.jar:?]
	at org.bukkit.inventory.ItemStack.<init>(ItemStack.java:86) ~[paper-api-1.20.4-R0.1-SNAPSHOT.jar:?]
	at org.bukkit.inventory.ItemStack.<init>(ItemStack.java:74) ~[paper-api-1.20.4-R0.1-SNAPSHOT.jar:?]
	at org.bukkit.inventory.ItemStack.<init>(ItemStack.java:61) ~[paper-api-1.20.4-R0.1-SNAPSHOT.jar:?]
	at com.entryrise.lagassist.utils.V1_13.getStatics(V1_13.java:38) ~[Lagassist - Jar.jar:?]
	at com.entryrise.lagassist.utils.VersionMgr.getStatics(VersionMgr.java:27) ~[Lagassist - Jar.jar:?]
	at com.entryrise.lagassist.gui.DataGUI.setItems(DataGUI.java:72) ~[Lagassist - Jar.jar:?]
	at com.entryrise.lagassist.gui.DataGUI.Enabler(DataGUI.java:58) ~[Lagassist - Jar.jar:?]
	at com.entryrise.lagassist.Main.EnableClasses(Main.java:98) ~[Lagassist - Jar.jar:?]
	at com.entryrise.lagassist.Main.onEnable(Main.java:67) ~[Lagassist - Jar.jar:?]
	at org.bukkit.plugin.java.JavaPlugin.setEnabled(JavaPlugin.java:287) ~[paper-api-1.20.4-R0.1-SNAPSHOT.jar:?]
	at io.papermc.paper.plugin.manager.PaperPluginInstanceManager.enablePlugin(PaperPluginInstanceManager.java:188) ~[paper-1.20.4.jar:git-Paper-497]
	at io.papermc.paper.plugin.manager.PaperPluginManagerImpl.enablePlugin(PaperPluginManagerImpl.java:104) ~[paper-1.20.4.jar:git-Paper-497]
	at org.bukkit.plugin.SimplePluginManager.enablePlugin(SimplePluginManager.java:507) ~[paper-api-1.20.4-R0.1-SNAPSHOT.jar:?]
	at org.bukkit.craftbukkit.v1_20_R3.CraftServer.enablePlugin(CraftServer.java:639) ~[paper-1.20.4.jar:git-Paper-497]
	at org.bukkit.craftbukkit.v1_20_R3.CraftServer.enablePlugins(CraftServer.java:550) ~[paper-1.20.4.jar:git-Paper-497]
	at net.minecraft.server.MinecraftServer.loadWorld0(MinecraftServer.java:671) ~[paper-1.20.4.jar:git-Paper-497]
	at net.minecraft.server.MinecraftServer.loadLevel(MinecraftServer.java:431) ~[paper-1.20.4.jar:git-Paper-497]
	at net.minecraft.server.dedicated.DedicatedServer.initServer(DedicatedServer.java:309) ~[paper-1.20.4.jar:git-Paper-497]
	at net.minecraft.server.MinecraftServer.runServer(MinecraftServer.java:1131) ~[paper-1.20.4.jar:git-Paper-497]
	at net.minecraft.server.MinecraftServer.lambda$spin$0(MinecraftServer.java:319) ~[paper-1.20.4.jar:git-Paper-497]
	at java.lang.Thread.run(Thread.java:833) ~[?:?]
[09:07:34] [Server thread/INFO]: [LagAssist] Disabling LagAssist v2.29.1
[09:07:34] [Server thread/INFO]: [ItemTag] Enabling ItemTag v3.4.3
[09:07:34] [Server thread/INFO]: [ItemTag] Data using Spigot PersistentDataContainer
[09:07:34] [Server thread/INFO]: [ItemTag] EquipmentChangeListener
[09:07:34] [Server thread/INFO]: [ItemTag] # Enabled (took 37 ms)
[09:07:34] [Server thread/INFO]: [CBossesV1_5] Enabling CBossesV1_5 v0.2
[09:07:34] [Server thread/INFO]: [CBossesV1_5] [STDOUT] You wont be able to spawn a mob if the player hasn't joined or doesn't exist.
[09:07:34] [Server thread/WARN]: Nag author(s): '[Realgotqkura]' of 'CBossesV1_5 v0.2' about their usage of System.out/err.print. Please use your plugin's logger instead (JavaPlugin#getLogger).
[09:07:34] [Server thread/INFO]: [FlyPlus] Enabling FlyPlus v2.6
[09:07:34] [Server thread/INFO]: [FlyPlus] Enabled!
[09:07:34] [Server thread/INFO]: [FarmLimiter] Enabling FarmLimiter v1.6.0
[09:07:34] [Server thread/INFO]: [ExecutableItems] Enabling ExecutableItems v7.24.9.2
[09:07:34] [Server thread/INFO]: ================ ExecutableItems ================
[09:07:34] [Server thread/ERROR]: [ExecutableItems] Invalid world: myWorld in the option disableItemsPerWorld
[09:07:34] [Server thread/ERROR]: [ExecutableItems] Invalid world: myWorld2 in the option disableItemsPerWorld
[09:07:36] [Server thread/INFO]: ExecutableItems Amount of Executable Items configurations loaded: 17
[09:07:36] [Server thread/INFO]: ExecutableItems Items with display conditions :  
[09:07:36] [Server thread/INFO]: ================ ExecutableItems ================
[09:07:36] [Server thread/INFO]: [EntityTrackerFixer] Enabling EntityTrackerFixer v1.1.1v
[09:07:36] [Server thread/INFO]: [EntityTrackerFixer] §a======================================
[09:07:36] [Server thread/INFO]: [EntityTrackerFixer] §bEntityTrackerFixer ON!.
[09:07:36] [Server thread/INFO]: [EntityTrackerFixer] §eTicks optimization: §f100 ticks
[09:07:36] [Server thread/INFO]: [EntityTrackerFixer] §eDebug: §aON
[09:07:36] [Server thread/INFO]: [EntityTrackerFixer] §a======================================
[09:07:36] [Server thread/INFO]: [EntityTrackerFixer] §bDiscord RottenBone Studio:§e https://discord.gg/pU5gmnQC
[09:07:36] [Server thread/INFO]: [EntityTrackerFixer] §bCreated by: §eAnyelo120
[09:07:36] [Server thread/INFO]: [EntityTrackerFixer] §ehttps://www.spigotmc.org/resources/authors/ascranyelo.740614/
[09:07:36] [Server thread/INFO]: [EntityTrackerFixer] §a======================================
[09:07:36] [Server thread/INFO]: [CSL] Enabling ChunkSpawnerLimiter v4.3.7
[09:07:36] [Server thread/INFO]: [CSL] [ACF] Enabled Asynchronous Tab Completion Support!
[09:07:36] [Server thread/INFO]: [CSL] [ACF] Enabled Brigadier Support!
[09:07:36] [Server thread/INFO]: [BlockEffects] Enabling BlockEffects v4.0
[09:07:36] [Server thread/INFO]: Running delayed init tasks
[09:07:36] [Craft Scheduler Thread - 2 - ViaVersion/INFO]: [ViaVersion] Finished mapping loading, shutting down loader executor!
[09:07:36] [Craft Scheduler Thread - 1 - Essentials/INFO]: [Essentials] Fetching version information...
[09:07:37] [Server thread/INFO]: [AuraSkills] Loaded 11 skills with 306 total sources
[09:07:37] [Server thread/INFO]: [AuraSkills] Loaded 9 stats and 17 traits
[09:07:37] [Server thread/INFO]: [AuraSkills] Loaded 22 pattern rewards and 0 level rewards
[09:07:37] [Server thread/INFO]: [AuraSkills] Loaded 53 loot entries in 4 pools and 2 tables
[09:07:37] [Server thread/INFO]: Environment: Environment[sessionHost=https://sessionserver.mojang.com, servicesHost=https://api.minecraftservices.com, name=PROD]
[09:07:37] [Server thread/INFO]: [AuraSkills] Loaded 6 menus
[09:07:37] [Server thread/WARN]: [ViaVersion] There is a newer plugin version available: 5.0.3, you're on: 5.0.2
[09:07:37] [Server thread/INFO]: Done (16.758s)! For help, type "help"
[09:07:37] [Server thread/INFO]: Timings Reset
[09:08:34] [Server thread/INFO]: Stopping the server
[09:08:34] [Server thread/INFO]: Stopping server
[09:08:34] [Server thread/INFO]: [BlockEffects] Disabling BlockEffects v4.0
[09:08:34] [Server thread/INFO]: [CSL] Disabling ChunkSpawnerLimiter v4.3.7
[09:08:34] [Server thread/INFO]: [EntityTrackerFixer] Disabling EntityTrackerFixer v1.1.1v
[09:08:34] [Server thread/INFO]: [EntityTrackerFixer] §c======================================
[09:08:34] [Server thread/INFO]: [EntityTrackerFixer] §bEntityTrackerFixer OFF!.
[09:08:34] [Server thread/INFO]: [EntityTrackerFixer] §c======================================
[09:08:34] [Server thread/INFO]: [EntityTrackerFixer] §bDiscord RottenBone Studio:§e https://discord.gg/pU5gmnQC
[09:08:34] [Server thread/INFO]: [EntityTrackerFixer] §bCreated by: §eAnyelo120
[09:08:34] [Server thread/INFO]: [EntityTrackerFixer] §ehttps://www.spigotmc.org/resources/authors/ascranyelo.740614/
[09:08:34] [Server thread/INFO]: [EntityTrackerFixer] §c======================================
[09:08:34] [Server thread/INFO]: [ExecutableItems] Disabling ExecutableItems v7.24.9.2
[09:08:34] [Server thread/INFO]: [SCore] Disabling SCore v5.24.9.2
[09:08:34] [Server thread/INFO]: SCore Save UsagePerDay....
[09:08:34] [Server thread/INFO]: SCore Save UsagePerDay done !
[09:08:34] [Server thread/INFO]: SCore Save Commands...
[09:08:34] [Server thread/INFO]: SCore Save Commands done !
[09:08:34] [Server thread/INFO]: SCore Save Cooldowns...
[09:08:34] [Server thread/INFO]: SCore Save Cooldowns done !
[09:08:34] [Server thread/INFO]: SCore Run delayed saving tasks...
[09:08:34] [Server thread/INFO]: SCore Run delayed saving tasks done !
[09:08:34] [Server thread/INFO]: [FarmLimiter] Disabling FarmLimiter v1.6.0
[09:08:34] [Server thread/INFO]: [FlyPlus] Disabling FlyPlus v2.6
[09:08:34] [Server thread/INFO]: [FlyPlus] Disabled!
[09:08:34] [Server thread/INFO]: [CBossesV1_5] Disabling CBossesV1_5 v0.2
[09:08:34] [Server thread/INFO]: Disabling CustomBosses
[09:08:34] [Server thread/INFO]: [ItemTag] Disabling ItemTag v3.4.3
[09:08:34] [Server thread/INFO]: [LoginSecurity] Disabling LoginSecurity v3.3.0
[09:08:34] [Server thread/INFO]: [LoginSecurity] Waiting for queued tasks...
[09:08:34] [Server thread/INFO]: [LoginSecurity] ExecutorService shut down, ready to disable.
[09:08:34] [Server thread/INFO]: [LPC] Disabling LPC v3.6.0
[09:08:34] [Server thread/INFO]: [MobStacker] Disabling MobStacker v2.0.0
[09:08:34] [Server thread/INFO]: [MobStacker] Thanks for using MobStacker!
[09:08:34] [Server thread/INFO]: [NoMobLag] Disabling NoMobLag v2.3.4
[09:08:34] [Server thread/INFO]: [OnePlayerSleep] Disabling OnePlayerSleep v1.3
[09:08:34] [Server thread/INFO]: [TAB] Disabling TAB v4.1.8
[09:08:34] [Server thread/INFO]: [TAB] Disabled in 0ms
[09:08:34] [Server thread/INFO]: [TextDisplay] Disabling TextDisplay v2.0.
[09:08:34] [Server thread/INFO]: [Vulcan] Disabling Vulcan v2.9.0
[09:08:34] [Server thread/INFO]: [AuraSkills] Disabling AuraSkills v2.2.3
[09:08:34] [Server thread/INFO]: [LevelledMobs] Disabling LevelledMobs v4.1.2 b60
[09:08:34] [Server thread/INFO]: [LevelledMobs] Unregistering commands
[09:08:34] [Server thread/INFO]: [LevelledMobs] Tasks: Shutting down other async tasks...
[09:08:34] [Craft Scheduler Thread - 7 - LevelledMobs/INFO]: [LevelledMobs] Nametag update queue Manager has exited
[09:08:34] [Server thread/INFO]: [LevelledMobs] Shut-down complete (took 1ms)
[09:08:34] [Craft Scheduler Thread - 6 - LevelledMobs/INFO]: [LevelledMobs] Mob processing queue Manager has exited
[09:08:34] [Server thread/INFO]: [ItemEdit] Disabling ItemEdit v3.5.2
[09:08:34] [Server thread/INFO]: [Essentials] Disabling Essentials v2.21.0-dev+111-b54c8c1
[09:08:34] [Server thread/INFO]: [LuckPerms] Disabling LuckPerms v5.4.141
[09:08:34] [Server thread/INFO]: [LuckPerms] Starting shutdown process...
[09:08:34] [Server thread/INFO]: [LuckPerms] Closing storage...
[09:08:34] [Server thread/INFO]: [LuckPerms] Goodbye!
[09:08:34] [Server thread/INFO]: [NBTAPI] Disabling NBTAPI v2.13.1
[09:08:34] [Server thread/INFO]: [ViaVersion] Disabling ViaVersion v5.0.2
[09:08:34] [Server thread/INFO]: [ViaVersion] ViaVersion is disabling, if this is a reload and you experience issues consider rebooting.
[09:08:34] [Server thread/INFO]: Saving players
[09:08:35] [Server thread/INFO]: Saving worlds
[09:08:35] [Server thread/INFO]: Saving chunks for level 'ServerLevel[world]'/minecraft:overworld
[09:08:35] [Server thread/INFO]: [ChunkHolderManager] Waiting 60s for chunk system to halt for world 'world'
[09:08:35] [Server thread/INFO]: [ChunkHolderManager] Halted chunk system for world 'world'
[09:08:35] [Server thread/INFO]: [ChunkHolderManager] Saving all chunkholders for world 'world'
[09:08:36] [Server thread/INFO]: [ChunkHolderManager] Saved 529 block chunks, 529 entity chunks, 0 poi chunks in world 'world' in 0.94s
[09:08:36] [Server thread/INFO]: ThreadedAnvilChunkStorage (world): All chunks are saved
[09:08:36] [Server thread/INFO]: Saving chunks for level 'ServerLevel[world_nether]'/minecraft:the_nether
[09:08:36] [Server thread/INFO]: [ChunkHolderManager] Waiting 60s for chunk system to halt for world 'world_nether'
[09:08:36] [Server thread/INFO]: [ChunkHolderManager] Halted chunk system for world 'world_nether'
[09:08:36] [Server thread/INFO]: [ChunkHolderManager] Saving all chunkholders for world 'world_nether'
[09:08:36] [Server thread/INFO]: [ChunkHolderManager] Saved 529 block chunks, 529 entity chunks, 0 poi chunks in world 'world_nether' in 0.40s
[09:08:36] [Server thread/INFO]: ThreadedAnvilChunkStorage (DIM-1): All chunks are saved
[09:08:36] [Server thread/INFO]: Saving chunks for level 'ServerLevel[world_the_end]'/minecraft:the_end
[09:08:36] [Server thread/INFO]: [ChunkHolderManager] Waiting 60s for chunk system to halt for world 'world_the_end'
[09:08:36] [Server thread/INFO]: [ChunkHolderManager] Halted chunk system for world 'world_the_end'
[09:08:36] [Server thread/INFO]: [ChunkHolderManager] Saving all chunkholders for world 'world_the_end'
[09:08:36] [Server thread/INFO]: [ChunkHolderManager] Saved 529 block chunks, 529 entity chunks, 0 poi chunks in world 'world_the_end' in 0.09s
[09:08:36] [Server thread/INFO]: ThreadedAnvilChunkStorage (DIM1): All chunks are saved
[09:08:36] [Server thread/INFO]: ThreadedAnvilChunkStorage: All dimensions are saved
[09:08:36] [Server thread/INFO]: Saving usercache.json
[09:08:36] [Server thread/INFO]: Flushing Chunk IO
[09:08:36] [Server thread/INFO]: Closing Thread Pool
[09:08:36] [Server thread/INFO]: Closing Server
